<?xml version="1.0" encoding="UTF-8"?>
<!-- Generated by org.testng.reporters.JUnitXMLReporter -->
<testsuite ignored="0" hostname="DESKTOP-3CFDAQ8" failures="0" tests="14" name="Test" time="85.232" errors="0" timestamp="2024-08-18T12:16:05 IST">
  <testcase classname="com.tutorialsninja.qa.tests.RegisterTest" name="verifyRegisterAccountWithMandatoryFeild" time="2.008"/>
  <testcase classname="com.tutorialsninja.qa.tests.RegisterTest" name="verifyRegisterAccountWithAllFeild" time="1.832"/>
  <testcase classname="com.tutorialsninja.qa.tests.RegisterTest" name="registerAccountWithDuplicateEmailAddressFeild" time="1.554"/>
  <testcase classname="com.tutorialsninja.qa.tests.RegisterTest" name="registerAccountWithoutUsingAnyFeild" time="0.687"/>
  <testcase classname="com.tutorialsninja.qa.tests.LoginTest" name="verifyLoginWithValidCredentials" time="1.164"/>
  <testcase classname="com.tutorialsninja.qa.tests.LoginTest" name="verifyLoginWithValidCredentials" time="1.138"/>
  <testcase classname="com.tutorialsninja.qa.tests.LoginTest" name="verifyLoginWithValidCredentials" time="1.103"/>
  <testcase classname="com.tutorialsninja.qa.tests.LoginTest" name="verifyLoginWithInvalidEmailAndValidPassword" time="0.945"/>
  <testcase classname="com.tutorialsninja.qa.tests.LoginTest" name="verifyLoginWithValidEmailAndInvalidPassword" time="0.916"/>
  <testcase classname="com.tutorialsninja.qa.tests.LoginTest" name="verifyLoginWithInvalidEmailInvalidPassword" time="1.088"/>
  <testcase classname="com.tutorialsninja.qa.tests.LoginTest" name="verifyLoginWithoutProvindingAnyCredentials" time="0.697"/>
  <testcase classname="com.tutorialsninja.qa.tests.SearchTest" name="searchValidProduct" time="1.091"/>
  <testcase classname="com.tutorialsninja.qa.tests.SearchTest" name="searchInvalidProduct" time="0.625"/>
  <testcase classname="com.tutorialsninja.qa.tests.SearchTest" name="seachProductWithoutAnyProduct" time="0.5"/>
</testsuite> <!-- Test -->
