<?xml version="1.0" encoding="UTF-8"?>
<testsuite xmlns:xsi="http://www.w3.org/2001/XMLSchema-instance" xsi:noNamespaceSchemaLocation="https://maven.apache.org/surefire/maven-surefire-plugin/xsd/surefire-test-report.xsd" name="TestSuite" time="92.927" tests="14" errors="0" skipped="0" failures="1">
  <properties>
[...]
</properties>
  <testcase name="verifyRegisterAccountWithMandatoryFeild" classname="com.tutorialsninja.qa.tests.RegisterTest" time="1.91"/>
  <testcase name="verifyRegisterAccountWithAllFeild" classname="com.tutorialsninja.qa.tests.RegisterTest" time="1.832"/>
  <testcase name="registerAccountWithDuplicateEmailAddressFeild" classname="com.tutorialsninja.qa.tests.RegisterTest" time="1.337"/>
  <testcase name="registerAccountWithoutUsingAnyFeild" classname="com.tutorialsninja.qa.tests.RegisterTest" time="0.907"/>
  <testcase name="verifyLoginWithValidCredentials" classname="com.tutorialsninja.qa.tests.LoginTest" time="1.41"/>
  <testcase name="verifyLoginWithValidCredentials" classname="com.tutorialsninja.qa.tests.LoginTest" time="1.471"/>
  <testcase name="verifyLoginWithValidCredentials" classname="com.tutorialsninja.qa.tests.LoginTest" time="1.372"/>
  <testcase name="verifyLoginWithInvalidEmailAndValidPassword" classname="com.tutorialsninja.qa.tests.LoginTest" time="1.18"/>
  <testcase name="verifyLoginWithValidEmailAndInvalidPassword" classname="com.tutorialsninja.qa.tests.LoginTest" time="1.533">
    <failure message="expected [true] but found [false]" type="java.lang.AssertionError">java.lang.AssertionError: expected [true] but found [false]
	at com.tutorialsninja.qa.tests.LoginTest.verifyLoginWithValidEmailAndInvalidPassword(LoginTest.java:82)
</failure>
    <system-err><![CDATA[Aug 17, 2024 4:24:05 PM org.openqa.selenium.devtools.CdpVersionFinder findNearestMatch
WARNING: Unable to find an exact match for CDP version 127, returning the closest version; found: 124; Please update to a Selenium version that supports CDP version 127
]]></system-err>
  </testcase>
  <testcase name="verifyLoginWithInvalidEmailInvalidPassword" classname="com.tutorialsninja.qa.tests.LoginTest" time="1.425"/>
  <testcase name="verifyLoginWithoutProvindingAnyCredentials" classname="com.tutorialsninja.qa.tests.LoginTest" time="0.813"/>
  <testcase name="searchValidProduct" classname="com.tutorialsninja.qa.tests.SearchTest" time="1.122"/>
  <testcase name="searchInvalidProduct" classname="com.tutorialsninja.qa.tests.SearchTest" time="0.913"/>
  <testcase name="seachProductWithoutAnyProduct" classname="com.tutorialsninja.qa.tests.SearchTest" time="0.679"/>
</testsuite>